Export started at 2025-09-15 23:14:06
Output target is (SAP_CM_TEST / main) /root
--------------------------------------------------
[Configuration/CM_AcuitiPort/Aggregation Profile] - Exporting CM_AcuitiPort.PRF_AGG_TEST
--------------------------------------------------
[Configuration/CM_AcuitiPort/APL Code] - Exporting CM_AcuitiPort.APL_AcuitiPort_Portal
[Configuration/CM_AcuitiPort/APL Code] - Exporting CM_AcuitiPort.APL_Constants
[Configuration/CM_AcuitiPort/APL Code] - Exporting CM_AcuitiPort.APL_AcuitiPort_Validation
[Configuration/CM_AcuitiPort/APL Code] - Exporting CM_AcuitiPort.APL_Audit
[Configuration/CM_AcuitiPort/APL Code] - Exporting CM_AcuitiPort.APL_CC_Mapping
[Configuration/CM_AcuitiPort/APL Code] - Exporting CM_AcuitiPort.APL_Company_Maps
[Configuration/CM_AcuitiPort/APL Code] - Exporting CM_AcuitiPort.APL_Date_Format_Helper
[Configuration/CM_AcuitiPort/APL Code] - Exporting CM_AcuitiPort.APL_Dependent_Event
[Configuration/CM_AcuitiPort/APL Code] - Exporting CM_AcuitiPort.APL_Processing_V1
[Configuration/CM_AcuitiPort/APL Code] - Exporting CM_AcuitiPort.APL_Update_And_Rerating
--------------------------------------------------
[Configuration/CM_AcuitiPort/Archive Profile] - Exporting CM_AcuitiPort.PRF_Input_Archive
--------------------------------------------------
[Configuration/CM_AcuitiPort/Database Profile] - Exporting CM_AcuitiPort.PRF_Database_Profile_PS4
--------------------------------------------------
[Configuration/CM_AcuitiPort/Duplicate Batch Profile] - Exporting CM_AcuitiPort.PRF_DupBatch
--------------------------------------------------
[Configuration/CM_AcuitiPort/Event Notification] - Exporting CM_AcuitiPort.PRF_EVT_Notify
--------------------------------------------------
[Configuration/CM_AcuitiPort/External Reference Profile] - Exporting CM_AcuitiPort.PRF_ExtRef_AcuitiPort
--------------------------------------------------
[Configuration/CM_AcuitiPort/REST Server Profile] - Exporting CM_AcuitiPort.PRF_REST_Portal
--------------------------------------------------
[Configuration/CM_AcuitiPort/SAP RFC Profile] - Exporting CM_AcuitiPort.PRF_Portal_Common
[Configuration/CM_AcuitiPort/SAP RFC Profile] - Exporting CM_AcuitiPort.PRF_RFC_ZAP_CIT_UPD_RERATING
[Configuration/CM_AcuitiPort/SAP RFC Profile] - Exporting CM_AcuitiPort.PRF_RFC_ZFICA
--------------------------------------------------
[Configuration/CM_AcuitiPort/Shared Table Profile] - Exporting CM_AcuitiPort.PRF_Shared_Table_TB_COMPANY_MAPS
[Configuration/CM_AcuitiPort/Shared Table Profile] - Exporting CM_AcuitiPort.PRF_Shared_Table_TB_DEPENDENT_TABLE
[Configuration/CM_AcuitiPort/Shared Table Profile] - Exporting CM_AcuitiPort.PRF_Shared_Table_TB_Mandatory_Fields
--------------------------------------------------
[Configuration/CM_AcuitiPort/Ultra Format] - Exporting CM_AcuitiPort.ULF_AcuitiPort
[Configuration/CM_AcuitiPort/Ultra Format] - Exporting CM_AcuitiPort.ULF_AcuitiPort_Portal
[Configuration/CM_AcuitiPort/Ultra Format] - Exporting CM_AcuitiPort.ULF_Audit
[Configuration/CM_AcuitiPort/Ultra Format] - Exporting CM_AcuitiPort.ULF_Company_Maps
[Configuration/CM_AcuitiPort/Ultra Format] - Exporting CM_AcuitiPort.ULF_Dependent_Event
[Configuration/CM_AcuitiPort/Ultra Format] - Exporting CM_AcuitiPort.ULF_TEST
--------------------------------------------------
[Configuration/CM_AcuitiPort/Workflow] - Exporting CM_AcuitiPort.WFL_AcuitiPort_Collection
[Configuration/CM_AcuitiPort/Workflow] - Exporting CM_AcuitiPort.WFL_AcuitiPort_Processing_Offline
[Configuration/CM_AcuitiPort/Workflow] - Exporting CM_AcuitiPort.WFL_AcuitiPort_Processing_Offline_V2
[Configuration/CM_AcuitiPort/Workflow] - Exporting CM_AcuitiPort.WFL_AcuitiPort_Processing_Online
[Configuration/CM_AcuitiPort/Workflow] - Exporting CM_AcuitiPort.WFL_AcuitiPort_Update_Processing
[Configuration/CM_AcuitiPort/Workflow] - Exporting CM_AcuitiPort.WFL_AcuitiPort_Validation
[Configuration/CM_AcuitiPort/Workflow] - Exporting CM_AcuitiPort.WFL_Additional_Service
[Configuration/CM_AcuitiPort/Workflow] - Exporting CM_AcuitiPort.WFL_Additional_Service_One_Request
[Configuration/CM_AcuitiPort/Workflow] - Exporting CM_AcuitiPort.WFL_AGG_TEST
[Configuration/CM_AcuitiPort/Workflow] - Exporting CM_AcuitiPort.WFL_Audit
[Configuration/CM_AcuitiPort/Workflow] - Exporting CM_AcuitiPort.WFL_CC_BulkLoader
[Configuration/CM_AcuitiPort/Workflow] - Exporting CM_AcuitiPort.WFL_COMPANY_MAPS_TEST
[Configuration/CM_AcuitiPort/Workflow] - Exporting CM_AcuitiPort.WFL_EMAIL_TEST
[Configuration/CM_AcuitiPort/Workflow] - Exporting CM_AcuitiPort.WFL_GateOut
[Configuration/CM_AcuitiPort/Workflow] - Exporting CM_AcuitiPort.WFL_GateOut_One_Request
[Configuration/CM_AcuitiPort/Workflow] - Exporting CM_AcuitiPort.WFL_Rest
[Configuration/CM_AcuitiPort/Workflow] - Exporting CM_AcuitiPort.WFL_Test
[Configuration/CM_AcuitiPort/Workflow] - Exporting CM_AcuitiPort.WFL_TEST
[Configuration/CM_AcuitiPort/Workflow] - Exporting CM_AcuitiPort.WFLBulkLoader
--------------------------------------------------
[Configuration/CM_AcuitiPort/Workflow Bridge Profile] - Exporting CM_AcuitiPort.PRF_EMAIL
[Configuration/CM_AcuitiPort/Workflow Bridge Profile] - Exporting CM_AcuitiPort.PRF_WFL_Bridge
--------------------------------------------------
[Configuration/CM_AcuitiPort/Workflow Group] - Exporting CM_AcuitiPort.WFG_AcuitiPort_Additional_Service
[Configuration/CM_AcuitiPort/Workflow Group] - Exporting CM_AcuitiPort.WFG_Acuitiport_Audit
[Configuration/CM_AcuitiPort/Workflow Group] - Exporting CM_AcuitiPort.WFG_AcuitiPort_Coll_Validation
[Configuration/CM_AcuitiPort/Workflow Group] - Exporting CM_AcuitiPort.WFG_AcuitiPort_GateOut
[Configuration/CM_AcuitiPort/Workflow Group] - Exporting CM_AcuitiPort.WFG_AcuitiPort_Proc_Offline
[Configuration/CM_AcuitiPort/Workflow Group] - Exporting CM_AcuitiPort.WFG_AcuitiPort_Proc_Online
[Configuration/CM_AcuitiPort/Workflow Group] - Exporting CM_AcuitiPort.WFG_AcuitiPort_Processing
[Configuration/CM_AcuitiPort/Workflow Group] - Exporting CM_AcuitiPort.WFG_CC_BulkLoader
--------------------------------------------------
[Configuration/CM_AcuitiPort/WS Profile] - Exporting CM_AcuitiPort.PRF_WS_CheckCharge
[Configuration/CM_AcuitiPort/WS Profile] - Exporting CM_AcuitiPort.WS_CC_BulkLoader
--------------------------------------------------
[System/Access Group] - Exporting Cust_Admin
--------------------------------------------------
Export finished at 2025-09-15 23:14:09
